<?xml version="1.0" encoding="UTF-8"?>
<!-- Generated by org.testng.reporters.JUnitXMLReporter -->
<testsuite ignored="0" hostname="DESKTOP-CQP4JEI" failures="1" tests="2" name="UserHome" time="25.67" errors="0" timestamp="2023-08-24T18:09:47 IST">
  <testcase classname="TestCases.TC_06_EditNameAndDecriptionTest" name="test_AddNameDescription" time="13.809"/>
  <testcase classname="TestCases.TC_06_EditNameAndDecriptionTest" name="test_RemoveNameDesciption" time="4.206">
    <failure type="org.openqa.selenium.ElementClickInterceptedException" message="element click intercepted: Element &amp;lt;button class=&amp;quot;btn secondary-btn hover:bg-dark2 undefined variant-primary text-showing&amp;quot;&amp;gt;...&amp;lt;/button&amp;gt; is not clickable at point (1151, 474). Other element would receive the click: &amp;lt;div class=&amp;quot;jsx-9c5a6c68431d5bdf modal-backdrop fixed w-full h-full left-0 top-0 bg-opacity-40 flex-center-center z-50&amp;quot;&amp;gt;&amp;lt;/div&amp;gt;
  (Session info: chrome=116.0.5845.111)
Build info: version: &amp;apos;4.10.0&amp;apos;, revision: &amp;apos;c14d967899&amp;apos;
System info: os.name: &amp;apos;Windows 11&amp;apos;, os.arch: &amp;apos;amd64&amp;apos;, os.version: &amp;apos;10.0&amp;apos;, java.version: &amp;apos;20.0.1&amp;apos;
Driver info: org.openqa.selenium.chrome.ChromeDriver
Command: [03cb553eae968aa5f908d7e1fe27ee09, clickElement {id=835CFBDADFA72CCE5DFFFF89FE9A6691_element_43}]
Capabilities {acceptInsecureCerts: false, browserName: chrome, browserVersion: 116.0.5845.111, chrome: {chromedriverVersion: 116.0.5845.96 (1a3918166880..., userDataDir: C:\Users\avns2\AppData\Loca...}, fedcm:accounts: true, goog:chromeOptions: {debuggerAddress: localhost:51851}, networkConnectionEnabled: false, pageLoadStrategy: normal, platformName: windows, proxy: Proxy(), se:cdp: ws://localhost:51851/devtoo..., se:cdpVersion: 116.0.5845.111, setWindowRect: true, strictFileInteractability: false, timeouts: {implicit: 0, pageLoad: 300000, script: 30000}, unhandledPromptBehavior: dismiss and notify, webauthn:extension:credBlob: true, webauthn:extension:largeBlob: true, webauthn:extension:minPinLength: true, webauthn:extension:prf: true, webauthn:virtualAuthenticators: true}
Element: [[ChromeDriver: chrome on windows (03cb553eae968aa5f908d7e1fe27ee09)] -&amp;gt; xpath: //button[normalize-space()=&amp;apos;Edit profile&amp;apos;]]
Session ID: 03cb553eae968aa5f908d7e1fe27ee09">
      <![CDATA[org.openqa.selenium.ElementClickInterceptedException: element click intercepted: Element <button class="btn secondary-btn hover:bg-dark2 undefined variant-primary text-showing">...</button> is not clickable at point (1151, 474). Other element would receive the click: <div class="jsx-9c5a6c68431d5bdf modal-backdrop fixed w-full h-full left-0 top-0 bg-opacity-40 flex-center-center z-50"></div>
  (Session info: chrome=116.0.5845.111)
Build info: version: '4.10.0', revision: 'c14d967899'
System info: os.name: 'Windows 11', os.arch: 'amd64', os.version: '10.0', java.version: '20.0.1'
Driver info: org.openqa.selenium.chrome.ChromeDriver
Command: [03cb553eae968aa5f908d7e1fe27ee09, clickElement {id=835CFBDADFA72CCE5DFFFF89FE9A6691_element_43}]
Capabilities {acceptInsecureCerts: false, browserName: chrome, browserVersion: 116.0.5845.111, chrome: {chromedriverVersion: 116.0.5845.96 (1a3918166880..., userDataDir: C:\Users\avns2\AppData\Loca...}, fedcm:accounts: true, goog:chromeOptions: {debuggerAddress: localhost:51851}, networkConnectionEnabled: false, pageLoadStrategy: normal, platformName: windows, proxy: Proxy(), se:cdp: ws://localhost:51851/devtoo..., se:cdpVersion: 116.0.5845.111, setWindowRect: true, strictFileInteractability: false, timeouts: {implicit: 0, pageLoad: 300000, script: 30000}, unhandledPromptBehavior: dismiss and notify, webauthn:extension:credBlob: true, webauthn:extension:largeBlob: true, webauthn:extension:minPinLength: true, webauthn:extension:prf: true, webauthn:virtualAuthenticators: true}
Element: [[ChromeDriver: chrome on windows (03cb553eae968aa5f908d7e1fe27ee09)] -> xpath: //button[normalize-space()='Edit profile']]
Session ID: 03cb553eae968aa5f908d7e1fe27ee09
at org.openqa.selenium.remote.codec.w3c.W3CHttpResponseCodec.createException(W3CHttpResponseCodec.java:199)
at org.openqa.selenium.remote.codec.w3c.W3CHttpResponseCodec.decode(W3CHttpResponseCodec.java:132)
at org.openqa.selenium.remote.codec.w3c.W3CHttpResponseCodec.decode(W3CHttpResponseCodec.java:51)
at org.openqa.selenium.remote.HttpCommandExecutor.execute(HttpCommandExecutor.java:191)
at org.openqa.selenium.remote.service.DriverCommandExecutor.invokeExecute(DriverCommandExecutor.java:196)
at org.openqa.selenium.remote.service.DriverCommandExecutor.execute(DriverCommandExecutor.java:171)
at org.openqa.selenium.remote.RemoteWebDriver.execute(RemoteWebDriver.java:531)
at org.openqa.selenium.remote.RemoteWebElement.execute(RemoteWebElement.java:242)
at org.openqa.selenium.remote.RemoteWebElement.click(RemoteWebElement.java:77)
at org.openqa.selenium.support.pagefactory.internal.LocatingElementHandler.invoke(LocatingElementHandler.java:51)
at jdk.proxy2/jdk.proxy2.$Proxy20.click(Unknown Source)
at PageObjects.EditProfile.clickEditProfile(EditProfile.java:44)
at TestCases.TC_06_EditNameAndDecriptionTest.test_RemoveNameDesciption(TC_06_EditNameAndDecriptionTest.java:40)
at java.base/java.util.ArrayList.forEach(ArrayList.java:1511)
... Removed 30 stack frames]]>
    </failure>
  </testcase> <!-- test_RemoveNameDesciption -->
</testsuite> <!-- UserHome -->
